#
# An unexpected error has occurred (11)
#
Stack:
/tools/XilinxSw/Vivado/2020.2/tps/lnx64/jre11.0.2/lib//server/libjvm.so(+0xc04c3b) [0x7f10bcf01c3b]
/tools/XilinxSw/Vivado/2020.2/tps/lnx64/jre11.0.2/lib//server/libjvm.so(JVM_handle_linux_signal+0x14e) [0x7f10bcf068de]
/tools/XilinxSw/Vivado/2020.2/tps/lnx64/jre11.0.2/lib//server/libjvm.so(+0xbfd538) [0x7f10bcefa538]
/lib/x86_64-linux-gnu/libc.so.6(+0x430c0) [0x7f11121b20c0]
/tools/XilinxSw/Vivado/2020.2/lib/lnx64.o/librdi_simbridge_kernel.so(SimBridge::CArray::empty() const+0) [0x7f10c3a7aa00]
/tools/XilinxSw/Vivado/2020.2/lib/lnx64.o/librdi_simbridge_kernel.so(SimBridge::WdbEventBlock::addBlock(SimBridge::WdbIBlockManager&, unsigned int&) const+0x1c) [0x7f10c3a7b0dc]
/tools/XilinxSw/Vivado/2020.2/lib/lnx64.o/librdi_simbridge_kernel.so(SimBridge::WdbMultipleBucketEventDatabase::getEventBlockDatabaseIterator(std::vector<SimBridge::WdbScalarBTree*, std::allocator<SimBridge::WdbScalarBTree*> > const&, std::vector<boost::shared_ptr<SimBridge::WdbIEventBlockIterator>, std::allocator<boost::shared_ptr<SimBridge::WdbIEventBlockIterator> > >&, std::vector<std::vector<SimBridge::WdbScalarBTree*, std::allocator<SimBridge::WdbScalarBTree*> >, std::allocator<std::vector<SimBridge::WdbScalarBTree*, std::allocator<SimBridge::WdbScalarBTree*> > > >&) const+0x691) [0x7f10c3a95071]
/tools/XilinxSw/Vivado/2020.2/lib/lnx64.o/librdi_simbridge_kernel.so(SimBridge::WdbAddressBTreeManager::scanWdbDatabaseMultiThread(std::vector<SimBridge::WdbScalarBTree*, std::allocator<SimBridge::WdbScalarBTree*> > const&, ISIM::IGuiStatus*)+0xf0) [0x7f10c3a71ee0]
/tools/XilinxSw/Vivado/2020.2/lib/lnx64.o/librdi_wavedata.so(SimBridge::DataObjMgr::createDrawingBTree(std::vector<SimBridge::IDataObj const*, std::allocator<SimBridge::IDataObj const*> > const&, ISIM::IGuiStatus*, bool)+0x32a) [0x7f10cedfb58a]
/tools/XilinxSw/Vivado/2020.2/lib/lnx64.o/librdi_wavedata.so(SG_Model::Model::createDrawingBTree(std::vector<SG_Model::WVDataObject*, std::allocator<SG_Model::WVDataObject*> > const&, ISIM::IGuiStatus*) const+0x21b) [0x7f10ceeb316b]
/tools/XilinxSw/Vivado/2020.2/lib/lnx64.o/librdi_wavedata.so(SG_Model::Model::addWVObject(std::vector<SG_Model::WVDataObject*, std::allocator<SG_Model::WVDataObject*> > const&, SG_Model::WVDataObject*, int)+0x23f) [0x7f10ceeb5e0f]
/tools/XilinxSw/Vivado/2020.2/lib/lnx64.o/librdi_wavedata.so(SG_Controller::AddWaveformCommand::doCommand()+0x33) [0x7f10cee7c5d3]
/tools/XilinxSw/Vivado/2020.2/lib/lnx64.o/librdi_wavedata.so(SG_Controller::CommandManager::executeOrAppendMacro(SG_Controller::Command*, bool)+0x4d) [0x7f10cee7b8fd]
/tools/XilinxSw/Vivado/2020.2/lib/lnx64.o/librdi_wavedata.so(SG_Controller::CommandManager::createAndExecute(std::__cxx11::basic_string<char, std::char_traits<char>, std::allocator<char> > const&, SG_Common::StringArray const&, SG_Model::Model&, SG_Controller::CommandFactory&)+0x151) [0x7f10cee7bc91]
/tools/XilinxSw/Vivado/2020.2/lib/lnx64.o/librdi_wavedata.so(WVDAppInterface::WVDWaveConfigurationImp::execute(std::__cxx11::basic_string<char, std::char_traits<char>, std::allocator<char> > const&, SG_Common::StringArray const&)+0x1b) [0x7f10ced6d16b]
/tools/XilinxSw/Vivado/2020.2/lib/lnx64.o/librdi_wavedata.so(WVDAppInterface::WVDWaveConfiguration::addWaveObject(std::vector<SG_Model::WVDataObject*, std::allocator<SG_Model::WVDataObject*> > const&, int, int, WVDAppInterface::WVDWaveDisplayOption const&, ISIM::IGuiStatus*)+0x52f) [0x7f10ced7010f]
/tools/XilinxSw/Vivado/2020.2/lib/lnx64.o/librdi_wavedata.so(WVDAppInterface::WVDWaveConfiguration::addWave(std::vector<SimBridge::IObject const*, std::allocator<SimBridge::IObject const*> > const&, int, int, bool, WVDAppInterface::WVDWaveDisplayOption const&, ISIM::IGuiStatus*)+0x22c) [0x7f10ced7073c]
/tools/XilinxSw/Vivado/2020.2/lib/lnx64.o/librdi_wavedatatasks.so(+0xdd8cd) [0x7f1080f888cd]
/tools/XilinxSw/Vivado/2020.2/lib/lnx64.o/librdi_common.so(+0x9cfb1d) [0x7f11134edb1d]
/tools/XilinxSw/Vivado/2020.2/lib/lnx64.o/libtcl8.5.so(+0x3356f) [0x7f110d89856f]
/tools/XilinxSw/Vivado/2020.2/lib/lnx64.o/libtcl8.5.so(+0x76945) [0x7f110d8db945]
/tools/XilinxSw/Vivado/2020.2/lib/lnx64.o/libtcl8.5.so(+0x7e0f9) [0x7f110d8e30f9]
/tools/XilinxSw/Vivado/2020.2/lib/lnx64.o/libtcl8.5.so(TclEvalObjEx+0x76) [0x7f110d89a216]
/tools/XilinxSw/Vivado/2020.2/lib/lnx64.o/librdi_common.so(+0x9ce041) [0x7f11134ec041]
/tools/XilinxSw/Vivado/2020.2/lib/lnx64.o/libtcl8.5.so(Tcl_ServiceEvent+0x7f) [0x7f110d90cbef]
/tools/XilinxSw/Vivado/2020.2/lib/lnx64.o/libtcl8.5.so(Tcl_DoOneEvent+0x154) [0x7f110d90cf24]
/tools/XilinxSw/Vivado/2020.2/lib/lnx64.o/librdi_commontasks.so(+0x23caa5) [0x7f1106d09aa5]
/tools/XilinxSw/Vivado/2020.2/lib/lnx64.o/librdi_commontasks.so(+0x23fbb5) [0x7f1106d0cbb5]
/tools/XilinxSw/Vivado/2020.2/lib/lnx64.o/librdi_commontasks.so(+0x240bde) [0x7f1106d0dbde]
/tools/XilinxSw/Vivado/2020.2/lib/lnx64.o/librdi_common.so(+0x9cfb1d) [0x7f11134edb1d]
/tools/XilinxSw/Vivado/2020.2/lib/lnx64.o/libtcl8.5.so(+0x3356f) [0x7f110d89856f]
/tools/XilinxSw/Vivado/2020.2/lib/lnx64.o/libtcl8.5.so(+0x76945) [0x7f110d8db945]
/tools/XilinxSw/Vivado/2020.2/lib/lnx64.o/libtcl8.5.so(+0x7e0f9) [0x7f110d8e30f9]
/tools/XilinxSw/Vivado/2020.2/lib/lnx64.o/libtcl8.5.so(TclEvalObjEx+0x76) [0x7f110d89a216]
/tools/XilinxSw/Vivado/2020.2/lib/lnx64.o/librdi_commonmain.so(+0xad53) [0x7f1112916d53]
/tools/XilinxSw/Vivado/2020.2/lib/lnx64.o/libtcl8.5.so(Tcl_Main+0x1d0) [0x7f110d9052f0]
/tools/XilinxSw/Vivado/2020.2/lib/lnx64.o/librdi_common.so(+0xa1442b) [0x7f111353242b]
/lib/x86_64-linux-gnu/libpthread.so.0(+0x8609) [0x7f1112154609]
/lib/x86_64-linux-gnu/libc.so.6(clone+0x43) [0x7f111228e163]
