#
# An unexpected error has occurred (11)
#
Stack:
/tools/XilinxSw/Vivado/2020.2/tps/lnx64/jre11.0.2/lib//server/libjvm.so(+0xc04c3b) [0x7f0720820c3b]
/tools/XilinxSw/Vivado/2020.2/tps/lnx64/jre11.0.2/lib//server/libjvm.so(JVM_handle_linux_signal+0x14e) [0x7f07208258de]
/tools/XilinxSw/Vivado/2020.2/tps/lnx64/jre11.0.2/lib//server/libjvm.so(+0xbfd538) [0x7f0720819538]
/lib/x86_64-linux-gnu/libc.so.6(+0x430c0) [0x7f0775ad10c0]
/tools/XilinxSw/Vivado/2020.2/lib/lnx64.o/librdi_simbridge_kernel.so(SimBridge::CArray::empty() const+0) [0x7f0727399a00]
/tools/XilinxSw/Vivado/2020.2/lib/lnx64.o/librdi_simbridge_kernel.so(SimBridge::WdbEventBlock::addBlock(SimBridge::WdbIBlockManager&, unsigned int&) const+0x1c) [0x7f072739a0dc]
/tools/XilinxSw/Vivado/2020.2/lib/lnx64.o/librdi_simbridge_kernel.so(SimBridge::WdbMultipleBucketEventDatabase::getEventBlockDatabaseIterator(std::vector<SimBridge::WdbScalarBTree*, std::allocator<SimBridge::WdbScalarBTree*> > const&, std::vector<boost::shared_ptr<SimBridge::WdbIEventBlockIterator>, std::allocator<boost::shared_ptr<SimBridge::WdbIEventBlockIterator> > >&, std::vector<std::vector<SimBridge::WdbScalarBTree*, std::allocator<SimBridge::WdbScalarBTree*> >, std::allocator<std::vector<SimBridge::WdbScalarBTree*, std::allocator<SimBridge::WdbScalarBTree*> > > >&) const+0x691) [0x7f07273b4071]
/tools/XilinxSw/Vivado/2020.2/lib/lnx64.o/librdi_simbridge_kernel.so(SimBridge::WdbAddressBTreeManager::scanWdbDatabaseMultiThread(std::vector<SimBridge::WdbScalarBTree*, std::allocator<SimBridge::WdbScalarBTree*> > const&, ISIM::IGuiStatus*)+0xf0) [0x7f0727390ee0]
/tools/XilinxSw/Vivado/2020.2/lib/lnx64.o/librdi_wavedata.so(SimBridge::DataObjMgr::createDrawingBTree(std::vector<SimBridge::IDataObj const*, std::allocator<SimBridge::IDataObj const*> > const&, ISIM::IGuiStatus*, bool)+0x32a) [0x7f073271a58a]
/tools/XilinxSw/Vivado/2020.2/lib/lnx64.o/librdi_wavedata.so(SG_Model::Model::createDrawingBTree(std::vector<SG_Model::WVDataObject*, std::allocator<SG_Model::WVDataObject*> > const&, ISIM::IGuiStatus*) const+0x21b) [0x7f07327d216b]
/tools/XilinxSw/Vivado/2020.2/lib/lnx64.o/librdi_wavedata.so(SG_Model::Model::addWVObject(std::vector<SG_Model::WVDataObject*, std::allocator<SG_Model::WVDataObject*> > const&, SG_Model::WVDataObject*, int)+0x23f) [0x7f07327d4e0f]
/tools/XilinxSw/Vivado/2020.2/lib/lnx64.o/librdi_wavedata.so(SG_Controller::AddWaveformCommand::doCommand()+0x33) [0x7f073279b5d3]
/tools/XilinxSw/Vivado/2020.2/lib/lnx64.o/librdi_wavedata.so(SG_Controller::CommandManager::executeOrAppendMacro(SG_Controller::Command*, bool)+0x4d) [0x7f073279a8fd]
/tools/XilinxSw/Vivado/2020.2/lib/lnx64.o/librdi_wavedata.so(SG_Controller::CommandManager::createAndExecute(std::__cxx11::basic_string<char, std::char_traits<char>, std::allocator<char> > const&, SG_Common::StringArray const&, SG_Model::Model&, SG_Controller::CommandFactory&)+0x151) [0x7f073279ac91]
/tools/XilinxSw/Vivado/2020.2/lib/lnx64.o/librdi_wavedata.so(WVDAppInterface::WVDWaveConfigurationImp::execute(std::__cxx11::basic_string<char, std::char_traits<char>, std::allocator<char> > const&, SG_Common::StringArray const&)+0x1b) [0x7f073268c16b]
/tools/XilinxSw/Vivado/2020.2/lib/lnx64.o/librdi_wavedata.so(WVDAppInterface::WVDWaveConfiguration::addWaveObject(std::vector<SG_Model::WVDataObject*, std::allocator<SG_Model::WVDataObject*> > const&, int, int, WVDAppInterface::WVDWaveDisplayOption const&, ISIM::IGuiStatus*)+0x52f) [0x7f073268f10f]
/tools/XilinxSw/Vivado/2020.2/lib/lnx64.o/librdi_wavedata.so(WVDAppInterface::WVDWaveConfiguration::addWave(std::vector<SimBridge::IObject const*, std::allocator<SimBridge::IObject const*> > const&, int, int, bool, WVDAppInterface::WVDWaveDisplayOption const&, ISIM::IGuiStatus*)+0x22c) [0x7f073268f73c]
/tools/XilinxSw/Vivado/2020.2/lib/lnx64.o/librdi_wavedatatasks.so(+0xdd8cd) [0x7f06eb27d8cd]
/tools/XilinxSw/Vivado/2020.2/lib/lnx64.o/librdi_common.so(+0x9cfb1d) [0x7f0776e0cb1d]
/tools/XilinxSw/Vivado/2020.2/lib/lnx64.o/libtcl8.5.so(+0x3356f) [0x7f07711b756f]
/tools/XilinxSw/Vivado/2020.2/lib/lnx64.o/libtcl8.5.so(+0x76945) [0x7f07711fa945]
/tools/XilinxSw/Vivado/2020.2/lib/lnx64.o/libtcl8.5.so(+0x7e0f9) [0x7f07712020f9]
/tools/XilinxSw/Vivado/2020.2/lib/lnx64.o/libtcl8.5.so(TclEvalObjEx+0x76) [0x7f07711b9216]
/tools/XilinxSw/Vivado/2020.2/lib/lnx64.o/librdi_common.so(+0x9ce041) [0x7f0776e0b041]
/tools/XilinxSw/Vivado/2020.2/lib/lnx64.o/libtcl8.5.so(Tcl_ServiceEvent+0x7f) [0x7f077122bbef]
/tools/XilinxSw/Vivado/2020.2/lib/lnx64.o/libtcl8.5.so(Tcl_DoOneEvent+0x154) [0x7f077122bf24]
/tools/XilinxSw/Vivado/2020.2/lib/lnx64.o/librdi_commontasks.so(+0x23caa5) [0x7f076a628aa5]
/tools/XilinxSw/Vivado/2020.2/lib/lnx64.o/librdi_commontasks.so(+0x23fbb5) [0x7f076a62bbb5]
/tools/XilinxSw/Vivado/2020.2/lib/lnx64.o/librdi_commontasks.so(+0x240bde) [0x7f076a62cbde]
/tools/XilinxSw/Vivado/2020.2/lib/lnx64.o/librdi_common.so(+0x9cfb1d) [0x7f0776e0cb1d]
/tools/XilinxSw/Vivado/2020.2/lib/lnx64.o/libtcl8.5.so(+0x3356f) [0x7f07711b756f]
/tools/XilinxSw/Vivado/2020.2/lib/lnx64.o/libtcl8.5.so(+0x76945) [0x7f07711fa945]
/tools/XilinxSw/Vivado/2020.2/lib/lnx64.o/libtcl8.5.so(+0x7e0f9) [0x7f07712020f9]
/tools/XilinxSw/Vivado/2020.2/lib/lnx64.o/libtcl8.5.so(TclEvalObjEx+0x76) [0x7f07711b9216]
/tools/XilinxSw/Vivado/2020.2/lib/lnx64.o/librdi_commonmain.so(+0xad53) [0x7f0776235d53]
/tools/XilinxSw/Vivado/2020.2/lib/lnx64.o/libtcl8.5.so(Tcl_Main+0x1d0) [0x7f07712242f0]
/tools/XilinxSw/Vivado/2020.2/lib/lnx64.o/librdi_common.so(+0xa1442b) [0x7f0776e5142b]
/lib/x86_64-linux-gnu/libpthread.so.0(+0x8609) [0x7f0775a73609]
/lib/x86_64-linux-gnu/libc.so.6(clone+0x43) [0x7f0775bad163]
